<?xml version="1.0" encoding="UTF-8"?>
<!-- Generated by org.testng.reporters.JUnitReportReporter -->
<testsuite hostname="Tannaz" failures="0" tests="1" name="com.happyday.dhaka.myfirsttest" time="15.557" errors="0" timestamp="2023-08-23T01:46:47 EDT" skipped="0">
  <testcase classname="com.happyday.dhaka.myfirsttest" name="black" time="15.557"/>
</testsuite> <!-- com.happyday.dhaka.myfirsttest -->
