<?xml version="1.0" encoding="UTF-8"?>
<!-- Generated by org.testng.reporters.JUnitReportReporter -->
<testsuite hostname="Tannaz" failures="0" tests="1" name="com.happyday.dhaka.testclass1" time="8.047" errors="0" timestamp="2023-08-23T21:09:43 EDT" skipped="0">
  <testcase classname="com.happyday.dhaka.testclass1" name="red" time="8.047"/>
</testsuite> <!-- com.happyday.dhaka.testclass1 -->
