<?xml version="1.0" encoding="UTF-8"?>
<!-- Generated by org.testng.reporters.JUnitReportReporter -->
<testsuite hostname="Tannaz" failures="0" tests="1" name="com.happyday.dhaka.testclass2" time="4.148" errors="0" timestamp="2023-08-23T21:37:42 EDT" skipped="0">
  <testcase classname="com.happyday.dhaka.testclass2" name="naz" time="4.148"/>
</testsuite> <!-- com.happyday.dhaka.testclass2 -->
