<?xml version="1.0" encoding="UTF-8"?>
<!-- Generated by org.testng.reporters.JUnitReportReporter -->
<testsuite hostname="Tannaz" failures="0" tests="1" name="com.happyday.dhaka.testclass6" time="7.467" errors="0" timestamp="2023-08-23T21:40:30 EDT" skipped="0">
  <testcase classname="com.happyday.dhaka.testclass6" name="ruun" time="7.467"/>
</testsuite> <!-- com.happyday.dhaka.testclass6 -->
