<?xml version="1.0" encoding="UTF-8"?>
<!-- Generated by org.testng.reporters.JUnitReportReporter -->
<testsuite hostname="Tannaz" failures="0" tests="1" name="com.happyday.dhaka.testclass5" time="4.944" errors="0" timestamp="2023-08-23T19:14:16 EDT" skipped="0">
  <testcase classname="com.happyday.dhaka.testclass5" name="boy" time="4.944"/>
</testsuite> <!-- com.happyday.dhaka.testclass5 -->
